<?xml version="1.0" encoding="UTF-8"?>
<coverage generated="1675866372661" clover="3.2.0">
  <project timestamp="1675866372661" name="All files">
    <metrics statements="67" coveredstatements="65" conditionals="41" coveredconditionals="34" methods="23" coveredmethods="23" elements="131" coveredelements="122" complexity="0" loc="67" ncloc="67" packages="2" files="2" classes="2"/>
    <package name="Common.Configuration">
      <metrics statements="61" coveredstatements="59" conditionals="41" coveredconditionals="34" methods="21" coveredmethods="21"/>
      <file name="ConfigurationReader.ts" path="C:\repo\BIS_Dynamics_CRM_Repo\Src\Bis.Common.CRM\Bis.Common.CRM.WebResources\src\Common\Configuration\ConfigurationReader.ts">
        <metrics statements="61" coveredstatements="59" conditionals="41" coveredconditionals="34" methods="21" coveredmethods="21"/>
        <line num="3" count="1" type="stmt"/>
        <line num="4" count="1" type="stmt"/>
        <line num="5" count="2" type="stmt"/>
        <line num="6" count="2" type="stmt"/>
        <line num="7" count="2" type="cond" truecount="4" falsecount="0"/>
        <line num="8" count="1" type="stmt"/>
        <line num="10" count="1" type="stmt"/>
        <line num="15" count="1" type="stmt"/>
        <line num="16" count="3" type="stmt"/>
        <line num="17" count="3" type="stmt"/>
        <line num="18" count="3" type="stmt"/>
        <line num="19" count="3" type="cond" truecount="3" falsecount="0"/>
        <line num="20" count="2" type="stmt"/>
        <line num="21" count="2" type="cond" truecount="2" falsecount="0"/>
        <line num="22" count="1" type="cond" truecount="0" falsecount="1"/>
        <line num="24" count="3" type="stmt"/>
        <line num="29" count="1" type="stmt"/>
        <line num="30" count="3" type="stmt"/>
        <line num="31" count="3" type="stmt"/>
        <line num="32" count="3" type="stmt"/>
        <line num="33" count="3" type="cond" truecount="3" falsecount="0"/>
        <line num="34" count="2" type="stmt"/>
        <line num="35" count="2" type="cond" truecount="1" falsecount="0"/>
        <line num="37" count="3" type="stmt"/>
        <line num="42" count="1" type="stmt"/>
        <line num="43" count="3" type="stmt"/>
        <line num="44" count="3" type="stmt"/>
        <line num="45" count="3" type="stmt"/>
        <line num="46" count="3" type="cond" truecount="3" falsecount="0"/>
        <line num="47" count="1" type="stmt"/>
        <line num="48" count="1" type="stmt"/>
        <line num="50" count="3" type="stmt"/>
        <line num="55" count="1" type="stmt"/>
        <line num="56" count="5" type="stmt"/>
        <line num="57" count="5" type="stmt"/>
        <line num="58" count="5" type="cond" truecount="4" falsecount="0"/>
        <line num="59" count="3" type="stmt"/>
        <line num="60" count="3" type="cond" truecount="5" falsecount="0"/>
        <line num="61" count="1" type="stmt"/>
        <line num="63" count="2" type="cond" truecount="2" falsecount="2"/>
        <line num="64" count="2" type="stmt"/>
        <line num="66" count="0" type="stmt"/>
        <line num="68" count="2" type="stmt"/>
        <line num="69" count="2" type="stmt"/>
        <line num="72" count="2" type="stmt"/>
        <line num="77" count="16" type="stmt"/>
        <line num="78" count="16" type="stmt"/>
        <line num="79" count="16" type="stmt"/>
        <line num="80" count="16" type="cond" truecount="1" falsecount="1"/>
        <line num="82" count="16" type="stmt"/>
        <line num="83" count="16" type="cond" truecount="4" falsecount="0"/>
        <line num="84" count="10" type="stmt"/>
        <line num="85" count="10" type="stmt"/>
        <line num="88" count="6" type="stmt"/>
        <line num="93" count="1" type="stmt"/>
        <line num="94" count="16" type="cond" truecount="2" falsecount="2"/>
        <line num="95" count="0" type="stmt"/>
        <line num="96" count="16" type="stmt"/>
        <line num="99" count="1" type="stmt"/>
        <line num="100" count="10" type="cond" truecount="0" falsecount="1"/>
        <line num="102" count="1" type="stmt"/>
      </file>
    </package>
    <package name="Forms">
      <metrics statements="6" coveredstatements="6" conditionals="0" coveredconditionals="0" methods="2" coveredmethods="2"/>
      <file name="AccountForm.ts" path="C:\repo\BIS_Dynamics_CRM_Repo\Src\Bis.Common.CRM\Bis.Common.CRM.WebResources\src\Forms\AccountForm.ts">
        <metrics statements="6" coveredstatements="6" conditionals="0" coveredconditionals="0" methods="2" coveredmethods="2"/>
        <line num="3" count="1" type="stmt"/>
        <line num="5" count="1" type="stmt"/>
        <line num="7" count="1" type="stmt"/>
        <line num="8" count="1" type="stmt"/>
        <line num="9" count="1" type="stmt"/>
        <line num="12" count="1" type="stmt"/>
      </file>
    </package>
  </project>
</coverage>
