{"C:\\repo\\BIS_Dynamics_CRM_Repo\\Src\\Bis.Common.CRM\\Bis.Common.CRM.WebResources\\src\\Common\\Configuration\\ConfigurationReader.ts": {"path":"C:\\repo\\BIS_Dynamics_CRM_Repo\\Src\\Bis.Common.CRM\\Bis.Common.CRM.WebResources\\src\\Common\\Configuration\\ConfigurationReader.ts","statementMap":{"0":{"start":{"line":3,"column":0},"end":{"line":3,"column":13}},"1":{"start":{"line":4,"column":18},"end":{"line":13,"column":null}},"2":{"start":{"line":5,"column":8},"end":{"line":12,"column":11}},"3":{"start":{"line":6,"column":12},"end":{"line":11,"column":15}},"4":{"start":{"line":7,"column":16},"end":{"line":10,"column":42}},"5":{"start":{"line":8,"column":20},"end":{"line":8,"column":46}},"6":{"start":{"line":10,"column":20},"end":{"line":10,"column":42}},"7":{"start":{"line":15,"column":24},"end":{"line":27,"column":null}},"8":{"start":{"line":16,"column":8},"end":{"line":26,"column":11}},"9":{"start":{"line":17,"column":12},"end":{"line":25,"column":15}},"10":{"start":{"line":18,"column":26},"end":{"line":18,"column":38}},"11":{"start":{"line":19,"column":16},"end":{"line":23,"column":null}},"12":{"start":{"line":20,"column":32},"end":{"line":20,"column":62}},"13":{"start":{"line":21,"column":20},"end":{"line":22,"column":null}},"14":{"start":{"line":21,"column":40},"end":{"line":21,"column":51}},"15":{"start":{"line":22,"column":25},"end":{"line":22,"column":null}},"16":{"start":{"line":22,"column":46},"end":{"line":22,"column":null}},"17":{"start":{"line":24,"column":16},"end":{"line":24,"column":29}},"18":{"start":{"line":29,"column":24},"end":{"line":40,"column":null}},"19":{"start":{"line":30,"column":8},"end":{"line":39,"column":11}},"20":{"start":{"line":31,"column":12},"end":{"line":38,"column":15}},"21":{"start":{"line":32,"column":26},"end":{"line":32,"column":38}},"22":{"start":{"line":33,"column":16},"end":{"line":36,"column":null}},"23":{"start":{"line":34,"column":32},"end":{"line":34,"column":56}},"24":{"start":{"line":35,"column":20},"end":{"line":35,"column":54}},"25":{"start":{"line":35,"column":44},"end":{"line":35,"column":54}},"26":{"start":{"line":37,"column":16},"end":{"line":37,"column":29}},"27":{"start":{"line":42,"column":24},"end":{"line":53,"column":null}},"28":{"start":{"line":43,"column":8},"end":{"line":52,"column":11}},"29":{"start":{"line":44,"column":12},"end":{"line":51,"column":15}},"30":{"start":{"line":45,"column":26},"end":{"line":45,"column":38}},"31":{"start":{"line":46,"column":16},"end":{"line":49,"column":null}},"32":{"start":{"line":47,"column":46},"end":{"line":47,"column":49}},"33":{"start":{"line":48,"column":20},"end":{"line":48,"column":60}},"34":{"start":{"line":50,"column":16},"end":{"line":50,"column":29}},"35":{"start":{"line":55,"column":24},"end":{"line":75,"column":null}},"36":{"start":{"line":56,"column":8},"end":{"line":74,"column":11}},"37":{"start":{"line":57,"column":12},"end":{"line":73,"column":15}},"38":{"start":{"line":58,"column":16},"end":{"line":72,"column":43}},"39":{"start":{"line":59,"column":20},"end":{"line":70,"column":null}},"40":{"start":{"line":60,"column":24},"end":{"line":66,"column":51}},"41":{"start":{"line":61,"column":28},"end":{"line":61,"column":66}},"42":{"start":{"line":63,"column":29},"end":{"line":66,"column":51}},"43":{"start":{"line":64,"column":28},"end":{"line":64,"column":null}},"44":{"start":{"line":66,"column":29},"end":{"line":66,"column":51}},"45":{"start":{"line":68,"column":24},"end":{"line":68,"column":76}},"46":{"start":{"line":69,"column":24},"end":{"line":69,"column":46}},"47":{"start":{"line":72,"column":21},"end":{"line":72,"column":43}},"48":{"start":{"line":77,"column":19},"end":{"line":91,"column":null}},"49":{"start":{"line":77,"column":4},"end":{"line":77,"column":19}},"50":{"start":{"line":78,"column":8},"end":{"line":90,"column":11}},"51":{"start":{"line":79,"column":26},"end":{"line":79,"column":57}},"52":{"start":{"line":80,"column":12},"end":{"line":89,"column":15}},"53":{"start":{"line":80,"column":23},"end":{"line":80,"column":38}},"54":{"start":{"line":82,"column":17},"end":{"line":89,"column":15}},"55":{"start":{"line":83,"column":16},"end":{"line":88,"column":34}},"56":{"start":{"line":84,"column":20},"end":{"line":84,"column":71}},"57":{"start":{"line":85,"column":20},"end":{"line":85,"column":48}},"58":{"start":{"line":88,"column":20},"end":{"line":88,"column":34}},"59":{"start":{"line":93,"column":20},"end":{"line":97,"column":null}},"60":{"start":{"line":94,"column":8},"end":{"line":96,"column":25}},"61":{"start":{"line":95,"column":12},"end":{"line":95,"column":76}},"62":{"start":{"line":96,"column":13},"end":{"line":96,"column":25}},"63":{"start":{"line":99,"column":20},"end":{"line":101,"column":null}},"64":{"start":{"line":100,"column":8},"end":{"line":100,"column":89}},"65":{"start":{"line":100,"column":21},"end":{"line":100,"column":89}},"66":{"start":{"line":102,"column":0},"end":{"line":102,"column":null}},"67":{"start":{"line":3,"column":13},"end":{"line":3,"column":32}}},"fnMap":{"0":{"name":"(anonymous_13)","decl":{"start":{"line":3,"column":0},"end":{"line":3,"column":13}},"loc":{"start":{"line":3,"column":0},"end":{"line":102,"column":null}}},"1":{"name":"(anonymous_15)","decl":{"start":{"line":4,"column":4},"end":{"line":4,"column":18}},"loc":{"start":{"line":4,"column":79},"end":{"line":13,"column":5}}},"2":{"name":"(anonymous_16)","decl":{"start":{"line":5,"column":27},"end":{"line":5,"column":34}},"loc":{"start":{"line":5,"column":34},"end":{"line":12,"column":9}}},"3":{"name":"(anonymous_17)","decl":{"start":{"line":6,"column":55},"end":{"line":6,"column":61}},"loc":{"start":{"line":6,"column":61},"end":{"line":11,"column":13}}},"4":{"name":"(anonymous_18)","decl":{"start":{"line":15,"column":4},"end":{"line":15,"column":24}},"loc":{"start":{"line":15,"column":84},"end":{"line":27,"column":null}}},"5":{"name":"(anonymous_21)","decl":{"start":{"line":16,"column":27},"end":{"line":16,"column":34}},"loc":{"start":{"line":16,"column":34},"end":{"line":26,"column":9}}},"6":{"name":"(anonymous_22)","decl":{"start":{"line":17,"column":55},"end":{"line":17,"column":61}},"loc":{"start":{"line":17,"column":61},"end":{"line":25,"column":13}}},"7":{"name":"(anonymous_23)","decl":{"start":{"line":29,"column":4},"end":{"line":29,"column":24}},"loc":{"start":{"line":29,"column":85},"end":{"line":40,"column":null}}},"8":{"name":"(anonymous_26)","decl":{"start":{"line":30,"column":27},"end":{"line":30,"column":34}},"loc":{"start":{"line":30,"column":34},"end":{"line":39,"column":9}}},"9":{"name":"(anonymous_27)","decl":{"start":{"line":31,"column":55},"end":{"line":31,"column":61}},"loc":{"start":{"line":31,"column":61},"end":{"line":38,"column":13}}},"10":{"name":"(anonymous_28)","decl":{"start":{"line":42,"column":4},"end":{"line":42,"column":24}},"loc":{"start":{"line":42,"column":90},"end":{"line":53,"column":null}}},"11":{"name":"(anonymous_31)","decl":{"start":{"line":43,"column":27},"end":{"line":43,"column":34}},"loc":{"start":{"line":43,"column":34},"end":{"line":52,"column":9}}},"12":{"name":"(anonymous_32)","decl":{"start":{"line":44,"column":55},"end":{"line":44,"column":61}},"loc":{"start":{"line":44,"column":61},"end":{"line":51,"column":13}}},"13":{"name":"(anonymous_33)","decl":{"start":{"line":55,"column":4},"end":{"line":55,"column":24}},"loc":{"start":{"line":55,"column":82},"end":{"line":75,"column":null}}},"14":{"name":"(anonymous_36)","decl":{"start":{"line":56,"column":27},"end":{"line":56,"column":34}},"loc":{"start":{"line":56,"column":34},"end":{"line":74,"column":9}}},"15":{"name":"(anonymous_37)","decl":{"start":{"line":57,"column":55},"end":{"line":57,"column":61}},"loc":{"start":{"line":57,"column":61},"end":{"line":73,"column":13}}},"16":{"name":"(anonymous_38)","decl":{"start":{"line":77,"column":4},"end":{"line":77,"column":19}},"loc":{"start":{"line":77,"column":52},"end":{"line":91,"column":5}}},"17":{"name":"(anonymous_39)","decl":{"start":{"line":78,"column":27},"end":{"line":78,"column":34}},"loc":{"start":{"line":78,"column":34},"end":{"line":90,"column":9}}},"18":{"name":"(anonymous_40)","decl":{"start":{"line":82,"column":156},"end":{"line":82,"column":162}},"loc":{"start":{"line":82,"column":162},"end":{"line":89,"column":13}}},"19":{"name":"(anonymous_41)","decl":{"start":{"line":93,"column":4},"end":{"line":93,"column":20}},"loc":{"start":{"line":93,"column":62},"end":{"line":97,"column":5}}},"20":{"name":"(anonymous_42)","decl":{"start":{"line":99,"column":4},"end":{"line":99,"column":20}},"loc":{"start":{"line":99,"column":73},"end":{"line":101,"column":5}}}},"branchMap":{"0":{"loc":{"start":{"line":7,"column":16},"end":{"line":10,"column":42}},"type":"if","locations":[{"start":{"line":7,"column":16},"end":{"line":10,"column":42}},{"start":{"line":10,"column":20},"end":{"line":10,"column":42}}]},"1":{"loc":{"start":{"line":7,"column":20},"end":{"line":7,"column":64}},"type":"binary-expr","locations":[{"start":{"line":7,"column":20},"end":{"line":7,"column":35}},{"start":{"line":7,"column":39},"end":{"line":7,"column":64}}]},"2":{"loc":{"start":{"line":19,"column":16},"end":{"line":23,"column":null}},"type":"if","locations":[{"start":{"line":19,"column":16},"end":{"line":23,"column":null}}]},"3":{"loc":{"start":{"line":19,"column":20},"end":{"line":19,"column":64}},"type":"binary-expr","locations":[{"start":{"line":19,"column":20},"end":{"line":19,"column":35}},{"start":{"line":19,"column":39},"end":{"line":19,"column":64}}]},"4":{"loc":{"start":{"line":21,"column":20},"end":{"line":22,"column":null}},"type":"if","locations":[{"start":{"line":21,"column":20},"end":{"line":22,"column":null}},{"start":{"line":22,"column":25},"end":{"line":22,"column":null}}]},"5":{"loc":{"start":{"line":22,"column":25},"end":{"line":22,"column":null}},"type":"if","locations":[{"start":{"line":22,"column":25},"end":{"line":22,"column":null}}]},"6":{"loc":{"start":{"line":33,"column":16},"end":{"line":36,"column":null}},"type":"if","locations":[{"start":{"line":33,"column":16},"end":{"line":36,"column":null}}]},"7":{"loc":{"start":{"line":33,"column":20},"end":{"line":33,"column":64}},"type":"binary-expr","locations":[{"start":{"line":33,"column":20},"end":{"line":33,"column":35}},{"start":{"line":33,"column":39},"end":{"line":33,"column":64}}]},"8":{"loc":{"start":{"line":35,"column":20},"end":{"line":35,"column":54}},"type":"if","locations":[{"start":{"line":35,"column":20},"end":{"line":35,"column":54}}]},"9":{"loc":{"start":{"line":46,"column":16},"end":{"line":49,"column":null}},"type":"if","locations":[{"start":{"line":46,"column":16},"end":{"line":49,"column":null}}]},"10":{"loc":{"start":{"line":46,"column":20},"end":{"line":46,"column":64}},"type":"binary-expr","locations":[{"start":{"line":46,"column":20},"end":{"line":46,"column":35}},{"start":{"line":46,"column":39},"end":{"line":46,"column":64}}]},"11":{"loc":{"start":{"line":58,"column":16},"end":{"line":72,"column":43}},"type":"if","locations":[{"start":{"line":58,"column":16},"end":{"line":72,"column":43}},{"start":{"line":72,"column":21},"end":{"line":72,"column":43}}]},"12":{"loc":{"start":{"line":58,"column":20},"end":{"line":58,"column":64}},"type":"binary-expr","locations":[{"start":{"line":58,"column":20},"end":{"line":58,"column":35}},{"start":{"line":58,"column":39},"end":{"line":58,"column":64}}]},"13":{"loc":{"start":{"line":60,"column":24},"end":{"line":66,"column":51}},"type":"if","locations":[{"start":{"line":60,"column":24},"end":{"line":66,"column":51}},{"start":{"line":63,"column":29},"end":{"line":66,"column":51}}]},"14":{"loc":{"start":{"line":60,"column":28},"end":{"line":60,"column":146}},"type":"binary-expr","locations":[{"start":{"line":60,"column":28},"end":{"line":60,"column":74}},{"start":{"line":60,"column":78},"end":{"line":60,"column":110}},{"start":{"line":60,"column":114},"end":{"line":60,"column":146}}]},"15":{"loc":{"start":{"line":63,"column":29},"end":{"line":66,"column":51}},"type":"if","locations":[{"start":{"line":63,"column":29},"end":{"line":66,"column":51}},{"start":{"line":66,"column":29},"end":{"line":66,"column":51}}]},"16":{"loc":{"start":{"line":63,"column":33},"end":{"line":63,"column":114}},"type":"binary-expr","locations":[{"start":{"line":63,"column":33},"end":{"line":63,"column":78}},{"start":{"line":63,"column":82},"end":{"line":63,"column":114}}]},"17":{"loc":{"start":{"line":80,"column":12},"end":{"line":89,"column":15}},"type":"if","locations":[{"start":{"line":80,"column":12},"end":{"line":89,"column":15}},{"start":{"line":82,"column":17},"end":{"line":89,"column":15}}]},"18":{"loc":{"start":{"line":83,"column":16},"end":{"line":88,"column":34}},"type":"if","locations":[{"start":{"line":83,"column":16},"end":{"line":88,"column":34}},{"start":{"line":88,"column":20},"end":{"line":88,"column":34}}]},"19":{"loc":{"start":{"line":83,"column":20},"end":{"line":83,"column":65}},"type":"binary-expr","locations":[{"start":{"line":83,"column":20},"end":{"line":83,"column":35}},{"start":{"line":83,"column":39},"end":{"line":83,"column":65}}]},"20":{"loc":{"start":{"line":94,"column":8},"end":{"line":96,"column":25}},"type":"if","locations":[{"start":{"line":94,"column":8},"end":{"line":96,"column":25}},{"start":{"line":96,"column":13},"end":{"line":96,"column":25}}]},"21":{"loc":{"start":{"line":94,"column":12},"end":{"line":94,"column":68}},"type":"binary-expr","locations":[{"start":{"line":94,"column":12},"end":{"line":94,"column":19}},{"start":{"line":94,"column":23},"end":{"line":94,"column":68}}]},"22":{"loc":{"start":{"line":100,"column":8},"end":{"line":100,"column":89}},"type":"if","locations":[{"start":{"line":100,"column":8},"end":{"line":100,"column":89}}]}},"s":{"0":1,"1":1,"2":2,"3":2,"4":2,"5":1,"6":1,"7":1,"8":3,"9":3,"10":3,"11":3,"12":2,"13":2,"14":1,"15":1,"16":0,"17":3,"18":1,"19":3,"20":3,"21":3,"22":3,"23":2,"24":2,"25":1,"26":3,"27":1,"28":3,"29":3,"30":3,"31":3,"32":1,"33":1,"34":3,"35":1,"36":5,"37":5,"38":5,"39":3,"40":3,"41":1,"42":2,"43":2,"44":0,"45":2,"46":2,"47":2,"48":1,"49":16,"50":16,"51":16,"52":16,"53":0,"54":16,"55":16,"56":10,"57":10,"58":6,"59":1,"60":16,"61":0,"62":16,"63":1,"64":10,"65":0,"66":1,"67":1},"f":{"0":1,"1":2,"2":2,"3":2,"4":3,"5":3,"6":3,"7":3,"8":3,"9":3,"10":3,"11":3,"12":3,"13":5,"14":5,"15":5,"16":16,"17":16,"18":16,"19":16,"20":10},"b":{"0":[1,1],"1":[2,1],"2":[2],"3":[3,2],"4":[1,1],"5":[0],"6":[2],"7":[3,2],"8":[1],"9":[1],"10":[3,2],"11":[3,2],"12":[5,3],"13":[1,2],"14":[3,2,2],"15":[2,0],"16":[2,0],"17":[0,16],"18":[10,6],"19":[16,16],"20":[0,16],"21":[16,0],"22":[0]}}
,"C:\\repo\\BIS_Dynamics_CRM_Repo\\Src\\Bis.Common.CRM\\Bis.Common.CRM.WebResources\\src\\Forms\\AccountForm.ts": {"path":"C:\\repo\\BIS_Dynamics_CRM_Repo\\Src\\Bis.Common.CRM\\Bis.Common.CRM.WebResources\\src\\Forms\\AccountForm.ts","statementMap":{"0":{"start":{"line":3,"column":0},"end":{"line":3,"column":13}},"1":{"start":{"line":7,"column":17},"end":{"line":10,"column":null}},"2":{"start":{"line":8,"column":8},"end":{"line":8,"column":61}},"3":{"start":{"line":9,"column":8},"end":{"line":9,"column":132}},"4":{"start":{"line":5,"column":19},"end":{"line":5,"column":63}},"5":{"start":{"line":12,"column":0},"end":{"line":12,"column":null}},"6":{"start":{"line":3,"column":13},"end":{"line":3,"column":24}}},"fnMap":{"0":{"name":"(anonymous_13)","decl":{"start":{"line":3,"column":0},"end":{"line":3,"column":13}},"loc":{"start":{"line":3,"column":0},"end":{"line":3,"column":13}}},"1":{"name":"(anonymous_15)","decl":{"start":{"line":7,"column":4},"end":{"line":7,"column":17}},"loc":{"start":{"line":7,"column":65},"end":{"line":10,"column":null}}}},"branchMap":{},"s":{"0":1,"1":1,"2":1,"3":1,"4":1,"5":1,"6":1},"f":{"0":1,"1":1},"b":{}}
}
