TN:
SF:src\Common\Configuration\ConfigurationReader.ts
FN:3,(anonymous_13)
FN:4,(anonymous_15)
FN:5,(anonymous_16)
FN:6,(anonymous_17)
FN:15,(anonymous_18)
FN:16,(anonymous_21)
FN:17,(anonymous_22)
FN:29,(anonymous_23)
FN:30,(anonymous_26)
FN:31,(anonymous_27)
FN:42,(anonymous_28)
FN:43,(anonymous_31)
FN:44,(anonymous_32)
FN:55,(anonymous_33)
FN:56,(anonymous_36)
FN:57,(anonymous_37)
FN:77,(anonymous_38)
FN:78,(anonymous_39)
FN:82,(anonymous_40)
FN:93,(anonymous_41)
FN:99,(anonymous_42)
FNF:21
FNH:21
FNDA:1,(anonymous_13)
FNDA:2,(anonymous_15)
FNDA:2,(anonymous_16)
FNDA:2,(anonymous_17)
FNDA:3,(anonymous_18)
FNDA:3,(anonymous_21)
FNDA:3,(anonymous_22)
FNDA:3,(anonymous_23)
FNDA:3,(anonymous_26)
FNDA:3,(anonymous_27)
FNDA:3,(anonymous_28)
FNDA:3,(anonymous_31)
FNDA:3,(anonymous_32)
FNDA:5,(anonymous_33)
FNDA:5,(anonymous_36)
FNDA:5,(anonymous_37)
FNDA:16,(anonymous_38)
FNDA:16,(anonymous_39)
FNDA:16,(anonymous_40)
FNDA:16,(anonymous_41)
FNDA:10,(anonymous_42)
DA:3,1
DA:4,1
DA:5,2
DA:6,2
DA:7,2
DA:8,1
DA:10,1
DA:15,1
DA:16,3
DA:17,3
DA:18,3
DA:19,3
DA:20,2
DA:21,2
DA:22,1
DA:24,3
DA:29,1
DA:30,3
DA:31,3
DA:32,3
DA:33,3
DA:34,2
DA:35,2
DA:37,3
DA:42,1
DA:43,3
DA:44,3
DA:45,3
DA:46,3
DA:47,1
DA:48,1
DA:50,3
DA:55,1
DA:56,5
DA:57,5
DA:58,5
DA:59,3
DA:60,3
DA:61,1
DA:63,2
DA:64,2
DA:66,0
DA:68,2
DA:69,2
DA:72,2
DA:77,16
DA:78,16
DA:79,16
DA:80,16
DA:82,16
DA:83,16
DA:84,10
DA:85,10
DA:88,6
DA:93,1
DA:94,16
DA:95,0
DA:96,16
DA:99,1
DA:100,10
DA:102,1
LF:61
LH:59
BRDA:7,0,0,1
BRDA:7,0,1,1
BRDA:7,1,0,2
BRDA:7,1,1,1
BRDA:19,2,0,2
BRDA:19,3,0,3
BRDA:19,3,1,2
BRDA:21,4,0,1
BRDA:21,4,1,1
BRDA:22,5,0,0
BRDA:33,6,0,2
BRDA:33,7,0,3
BRDA:33,7,1,2
BRDA:35,8,0,1
BRDA:46,9,0,1
BRDA:46,10,0,3
BRDA:46,10,1,2
BRDA:58,11,0,3
BRDA:58,11,1,2
BRDA:58,12,0,5
BRDA:58,12,1,3
BRDA:60,13,0,1
BRDA:60,13,1,2
BRDA:60,14,0,3
BRDA:60,14,1,2
BRDA:60,14,2,2
BRDA:63,15,0,2
BRDA:63,15,1,0
BRDA:63,16,0,2
BRDA:63,16,1,0
BRDA:80,17,0,0
BRDA:80,17,1,16
BRDA:83,18,0,10
BRDA:83,18,1,6
BRDA:83,19,0,16
BRDA:83,19,1,16
BRDA:94,20,0,0
BRDA:94,20,1,16
BRDA:94,21,0,16
BRDA:94,21,1,0
BRDA:100,22,0,0
BRF:41
BRH:34
end_of_record
TN:
SF:src\Forms\AccountForm.ts
FN:3,(anonymous_13)
FN:7,(anonymous_15)
FNF:2
FNH:2
FNDA:1,(anonymous_13)
FNDA:1,(anonymous_15)
DA:3,1
DA:5,1
DA:7,1
DA:8,1
DA:9,1
DA:12,1
LF:6
LH:6
BRF:0
BRH:0
end_of_record
